[0.444s] DEBUG:colcon:Command line arguments: ['/usr/bin/colcon', 'build', '--symlink-install', '--packages-select', 'museum_robot']
[0.444s] DEBUG:colcon:Parsed command line arguments: Namespace(log_base=None, log_level=None, verb_name='build', build_base='build', install_base='install', merge_install=False, symlink_install=True, test_result_base=None, continue_on_error=False, executor='parallel', parallel_workers=4, event_handlers=None, ignore_user_meta=False, metas=['./colcon.meta'], base_paths=['.'], packages_ignore=None, packages_ignore_regex=None, paths=None, packages_up_to=None, packages_up_to_regex=None, packages_above=None, packages_above_and_dependencies=None, packages_above_depth=None, packages_select_by_dep=None, packages_skip_by_dep=None, packages_skip_up_to=None, packages_select_build_failed=False, packages_skip_build_finished=False, packages_select_test_failures=False, packages_skip_test_passed=False, packages_select=['museum_robot'], packages_skip=None, packages_select_regex=None, packages_skip_regex=None, packages_start=None, packages_end=None, allow_overriding=[], cmake_args=None, cmake_target=None, cmake_target_skip_unavailable=False, cmake_clean_cache=False, cmake_clean_first=False, cmake_force_configure=False, ament_cmake_args=None, catkin_cmake_args=None, catkin_skip_building_tests=False, mixin_files=None, mixin=None, verb_parser=<colcon_mixin.mixin.mixin_argument.MixinArgumentDecorator object at 0xffffb2ae49a0>, verb_extension=<colcon_core.verb.build.BuildVerb object at 0xffffb2bf5900>, main=<bound method BuildVerb.main of <colcon_core.verb.build.BuildVerb object at 0xffffb2bf5900>>, mixin_verb=('build',))
[1.153s] Level 1:colcon.colcon_core.package_discovery:discover_packages(colcon_meta) check parameters
[1.153s] Level 1:colcon.colcon_core.package_discovery:discover_packages(recursive) check parameters
[1.153s] Level 1:colcon.colcon_core.package_discovery:discover_packages(ignore) check parameters
[1.153s] Level 1:colcon.colcon_core.package_discovery:discover_packages(path) check parameters
[1.154s] Level 1:colcon.colcon_core.package_discovery:discover_packages(colcon_meta) discover
[1.154s] Level 1:colcon.colcon_core.package_discovery:discover_packages(recursive) discover
[1.154s] INFO:colcon.colcon_core.package_discovery:Crawling recursively for packages in '/home/pi/new_ros2'
[1.154s] Level 1:colcon.colcon_core.package_identification:_identify(.) by extensions ['ignore', 'ignore_ament_install']
[1.155s] Level 1:colcon.colcon_core.package_identification:_identify(.) by extension 'ignore'
[1.155s] Level 1:colcon.colcon_core.package_identification:_identify(.) by extension 'ignore_ament_install'
[1.155s] Level 1:colcon.colcon_core.package_identification:_identify(.) by extensions ['colcon_pkg']
[1.155s] Level 1:colcon.colcon_core.package_identification:_identify(.) by extension 'colcon_pkg'
[1.155s] Level 1:colcon.colcon_core.package_identification:_identify(.) by extensions ['colcon_meta']
[1.156s] Level 1:colcon.colcon_core.package_identification:_identify(.) by extension 'colcon_meta'
[1.156s] Level 1:colcon.colcon_core.package_identification:_identify(.) by extensions ['ros']
[1.156s] Level 1:colcon.colcon_core.package_identification:_identify(.) by extension 'ros'
[1.204s] Level 1:colcon.colcon_core.package_identification:_identify(.) by extensions ['cmake', 'python']
[1.204s] Level 1:colcon.colcon_core.package_identification:_identify(.) by extension 'cmake'
[1.204s] Level 1:colcon.colcon_core.package_identification:_identify(.) by extension 'python'
[1.205s] Level 1:colcon.colcon_core.package_identification:_identify(.) by extensions ['python_setup_py']
[1.205s] Level 1:colcon.colcon_core.package_identification:_identify(.) by extension 'python_setup_py'
[1.205s] Level 1:colcon.colcon_core.package_identification:_identify(build) by extensions ['ignore', 'ignore_ament_install']
[1.206s] Level 1:colcon.colcon_core.package_identification:_identify(build) by extension 'ignore'
[1.206s] Level 1:colcon.colcon_core.package_identification:_identify(build) ignored
[1.206s] Level 1:colcon.colcon_core.package_identification:_identify(install) by extensions ['ignore', 'ignore_ament_install']
[1.207s] Level 1:colcon.colcon_core.package_identification:_identify(install) by extension 'ignore'
[1.207s] Level 1:colcon.colcon_core.package_identification:_identify(install) ignored
[1.207s] Level 1:colcon.colcon_core.package_identification:_identify(log) by extensions ['ignore', 'ignore_ament_install']
[1.208s] Level 1:colcon.colcon_core.package_identification:_identify(log) by extension 'ignore'
[1.208s] Level 1:colcon.colcon_core.package_identification:_identify(log) ignored
[1.208s] Level 1:colcon.colcon_core.package_identification:_identify(src) by extensions ['ignore', 'ignore_ament_install']
[1.208s] Level 1:colcon.colcon_core.package_identification:_identify(src) by extension 'ignore'
[1.208s] Level 1:colcon.colcon_core.package_identification:_identify(src) by extension 'ignore_ament_install'
[1.209s] Level 1:colcon.colcon_core.package_identification:_identify(src) by extensions ['colcon_pkg']
[1.209s] Level 1:colcon.colcon_core.package_identification:_identify(src) by extension 'colcon_pkg'
[1.209s] Level 1:colcon.colcon_core.package_identification:_identify(src) by extensions ['colcon_meta']
[1.209s] Level 1:colcon.colcon_core.package_identification:_identify(src) by extension 'colcon_meta'
[1.209s] Level 1:colcon.colcon_core.package_identification:_identify(src) by extensions ['ros']
[1.209s] Level 1:colcon.colcon_core.package_identification:_identify(src) by extension 'ros'
[1.210s] Level 1:colcon.colcon_core.package_identification:_identify(src) by extensions ['cmake', 'python']
[1.210s] Level 1:colcon.colcon_core.package_identification:_identify(src) by extension 'cmake'
[1.210s] Level 1:colcon.colcon_core.package_identification:_identify(src) by extension 'python'
[1.210s] Level 1:colcon.colcon_core.package_identification:_identify(src) by extensions ['python_setup_py']
[1.210s] Level 1:colcon.colcon_core.package_identification:_identify(src) by extension 'python_setup_py'
[1.211s] Level 1:colcon.colcon_core.package_identification:_identify(src/museum_robot) by extensions ['ignore', 'ignore_ament_install']
[1.211s] Level 1:colcon.colcon_core.package_identification:_identify(src/museum_robot) by extension 'ignore'
[1.211s] Level 1:colcon.colcon_core.package_identification:_identify(src/museum_robot) by extension 'ignore_ament_install'
[1.212s] Level 1:colcon.colcon_core.package_identification:_identify(src/museum_robot) by extensions ['colcon_pkg']
[1.212s] Level 1:colcon.colcon_core.package_identification:_identify(src/museum_robot) by extension 'colcon_pkg'
[1.212s] Level 1:colcon.colcon_core.package_identification:_identify(src/museum_robot) by extensions ['colcon_meta']
[1.212s] Level 1:colcon.colcon_core.package_identification:_identify(src/museum_robot) by extension 'colcon_meta'
[1.212s] Level 1:colcon.colcon_core.package_identification:_identify(src/museum_robot) by extensions ['ros']
[1.212s] Level 1:colcon.colcon_core.package_identification:_identify(src/museum_robot) by extension 'ros'
[1.213s] Level 1:colcon.colcon_core.package_identification:_identify(src/museum_robot) by extensions ['cmake', 'python']
[1.213s] Level 1:colcon.colcon_core.package_identification:_identify(src/museum_robot) by extension 'cmake'
[1.213s] Level 1:colcon.colcon_core.package_identification:_identify(src/museum_robot) by extension 'python'
[1.213s] Level 1:colcon.colcon_core.package_identification:_identify(src/museum_robot) by extensions ['python_setup_py']
[1.213s] Level 1:colcon.colcon_core.package_identification:_identify(src/museum_robot) by extension 'python_setup_py'
[1.214s] Level 1:colcon.colcon_core.package_identification:_identify(src/museum_robot/config) by extensions ['ignore', 'ignore_ament_install']
[1.214s] Level 1:colcon.colcon_core.package_identification:_identify(src/museum_robot/config) by extension 'ignore'
[1.214s] Level 1:colcon.colcon_core.package_identification:_identify(src/museum_robot/config) by extension 'ignore_ament_install'
[1.214s] Level 1:colcon.colcon_core.package_identification:_identify(src/museum_robot/config) by extensions ['colcon_pkg']
[1.214s] Level 1:colcon.colcon_core.package_identification:_identify(src/museum_robot/config) by extension 'colcon_pkg'
[1.215s] Level 1:colcon.colcon_core.package_identification:_identify(src/museum_robot/config) by extensions ['colcon_meta']
[1.215s] Level 1:colcon.colcon_core.package_identification:_identify(src/museum_robot/config) by extension 'colcon_meta'
[1.215s] Level 1:colcon.colcon_core.package_identification:_identify(src/museum_robot/config) by extensions ['ros']
[1.215s] Level 1:colcon.colcon_core.package_identification:_identify(src/museum_robot/config) by extension 'ros'
[1.215s] Level 1:colcon.colcon_core.package_identification:_identify(src/museum_robot/config) by extensions ['cmake', 'python']
[1.216s] Level 1:colcon.colcon_core.package_identification:_identify(src/museum_robot/config) by extension 'cmake'
[1.216s] Level 1:colcon.colcon_core.package_identification:_identify(src/museum_robot/config) by extension 'python'
[1.216s] Level 1:colcon.colcon_core.package_identification:_identify(src/museum_robot/config) by extensions ['python_setup_py']
[1.216s] Level 1:colcon.colcon_core.package_identification:_identify(src/museum_robot/config) by extension 'python_setup_py'
[1.216s] Level 1:colcon.colcon_core.package_identification:_identify(src/museum_robot/launch) by extensions ['ignore', 'ignore_ament_install']
[1.217s] Level 1:colcon.colcon_core.package_identification:_identify(src/museum_robot/launch) by extension 'ignore'
[1.217s] Level 1:colcon.colcon_core.package_identification:_identify(src/museum_robot/launch) by extension 'ignore_ament_install'
[1.217s] Level 1:colcon.colcon_core.package_identification:_identify(src/museum_robot/launch) by extensions ['colcon_pkg']
[1.217s] Level 1:colcon.colcon_core.package_identification:_identify(src/museum_robot/launch) by extension 'colcon_pkg'
[1.217s] Level 1:colcon.colcon_core.package_identification:_identify(src/museum_robot/launch) by extensions ['colcon_meta']
[1.218s] Level 1:colcon.colcon_core.package_identification:_identify(src/museum_robot/launch) by extension 'colcon_meta'
[1.218s] Level 1:colcon.colcon_core.package_identification:_identify(src/museum_robot/launch) by extensions ['ros']
[1.218s] Level 1:colcon.colcon_core.package_identification:_identify(src/museum_robot/launch) by extension 'ros'
[1.218s] Level 1:colcon.colcon_core.package_identification:_identify(src/museum_robot/launch) by extensions ['cmake', 'python']
[1.218s] Level 1:colcon.colcon_core.package_identification:_identify(src/museum_robot/launch) by extension 'cmake'
[1.219s] Level 1:colcon.colcon_core.package_identification:_identify(src/museum_robot/launch) by extension 'python'
[1.219s] Level 1:colcon.colcon_core.package_identification:_identify(src/museum_robot/launch) by extensions ['python_setup_py']
[1.219s] Level 1:colcon.colcon_core.package_identification:_identify(src/museum_robot/launch) by extension 'python_setup_py'
[1.219s] Level 1:colcon.colcon_core.package_identification:_identify(src/museum_robot/museum_robot) by extensions ['ignore', 'ignore_ament_install']
[1.220s] Level 1:colcon.colcon_core.package_identification:_identify(src/museum_robot/museum_robot) by extension 'ignore'
[1.220s] Level 1:colcon.colcon_core.package_identification:_identify(src/museum_robot/museum_robot) by extension 'ignore_ament_install'
[1.220s] Level 1:colcon.colcon_core.package_identification:_identify(src/museum_robot/museum_robot) by extensions ['colcon_pkg']
[1.220s] Level 1:colcon.colcon_core.package_identification:_identify(src/museum_robot/museum_robot) by extension 'colcon_pkg'
[1.220s] Level 1:colcon.colcon_core.package_identification:_identify(src/museum_robot/museum_robot) by extensions ['colcon_meta']
[1.220s] Level 1:colcon.colcon_core.package_identification:_identify(src/museum_robot/museum_robot) by extension 'colcon_meta'
[1.221s] Level 1:colcon.colcon_core.package_identification:_identify(src/museum_robot/museum_robot) by extensions ['ros']
[1.221s] Level 1:colcon.colcon_core.package_identification:_identify(src/museum_robot/museum_robot) by extension 'ros'
[1.221s] Level 1:colcon.colcon_core.package_identification:_identify(src/museum_robot/museum_robot) by extensions ['cmake', 'python']
[1.221s] Level 1:colcon.colcon_core.package_identification:_identify(src/museum_robot/museum_robot) by extension 'cmake'
[1.221s] Level 1:colcon.colcon_core.package_identification:_identify(src/museum_robot/museum_robot) by extension 'python'
[1.222s] Level 1:colcon.colcon_core.package_identification:_identify(src/museum_robot/museum_robot) by extensions ['python_setup_py']
[1.222s] Level 1:colcon.colcon_core.package_identification:_identify(src/museum_robot/museum_robot) by extension 'python_setup_py'
[1.222s] Level 1:colcon.colcon_core.package_identification:_identify(src/museum_robot/scripts) by extensions ['ignore', 'ignore_ament_install']
[1.222s] Level 1:colcon.colcon_core.package_identification:_identify(src/museum_robot/scripts) by extension 'ignore'
[1.223s] Level 1:colcon.colcon_core.package_identification:_identify(src/museum_robot/scripts) by extension 'ignore_ament_install'
[1.223s] Level 1:colcon.colcon_core.package_identification:_identify(src/museum_robot/scripts) by extensions ['colcon_pkg']
[1.223s] Level 1:colcon.colcon_core.package_identification:_identify(src/museum_robot/scripts) by extension 'colcon_pkg'
[1.223s] Level 1:colcon.colcon_core.package_identification:_identify(src/museum_robot/scripts) by extensions ['colcon_meta']
[1.223s] Level 1:colcon.colcon_core.package_identification:_identify(src/museum_robot/scripts) by extension 'colcon_meta'
[1.224s] Level 1:colcon.colcon_core.package_identification:_identify(src/museum_robot/scripts) by extensions ['ros']
[1.224s] Level 1:colcon.colcon_core.package_identification:_identify(src/museum_robot/scripts) by extension 'ros'
[1.224s] Level 1:colcon.colcon_core.package_identification:_identify(src/museum_robot/scripts) by extensions ['cmake', 'python']
[1.224s] Level 1:colcon.colcon_core.package_identification:_identify(src/museum_robot/scripts) by extension 'cmake'
[1.224s] Level 1:colcon.colcon_core.package_identification:_identify(src/museum_robot/scripts) by extension 'python'
[1.224s] Level 1:colcon.colcon_core.package_identification:_identify(src/museum_robot/scripts) by extensions ['python_setup_py']
[1.225s] Level 1:colcon.colcon_core.package_identification:_identify(src/museum_robot/scripts) by extension 'python_setup_py'
[1.225s] Level 1:colcon.colcon_core.package_discovery:discover_packages(recursive) using defaults
[1.225s] Level 1:colcon.colcon_core.package_discovery:discover_packages(ignore) discover
[1.225s] Level 1:colcon.colcon_core.package_discovery:discover_packages(ignore) using defaults
[1.225s] Level 1:colcon.colcon_core.package_discovery:discover_packages(path) discover
[1.225s] Level 1:colcon.colcon_core.package_discovery:discover_packages(path) using defaults
[1.226s] WARNING:colcon.colcon_core.package_selection:ignoring unknown package 'museum_robot' in --packages-select
[1.297s] Level 1:colcon.colcon_core.package_discovery:discover_packages(prefix_path) check parameters
[1.297s] Level 1:colcon.colcon_core.package_discovery:discover_packages(prefix_path) discover
[1.317s] DEBUG:colcon.colcon_installed_package_information.package_discovery:Found 261 installed packages in /opt/ros/humble
[1.324s] Level 1:colcon.colcon_core.package_discovery:discover_packages(prefix_path) using defaults
[1.507s] INFO:colcon.colcon_core.executor:Executing jobs using 'parallel' executor
[1.510s] DEBUG:colcon.colcon_parallel_executor.executor.parallel:run_until_complete
[1.511s] DEBUG:colcon.colcon_parallel_executor.executor.parallel:closing loop
[1.512s] DEBUG:colcon.colcon_parallel_executor.executor.parallel:loop closed
[1.512s] DEBUG:colcon.colcon_parallel_executor.executor.parallel:run_until_complete finished with '0'
[1.512s] DEBUG:colcon.colcon_core.event_reactor:joining thread
[1.513s] DEBUG:colcon.colcon_core.event_reactor:joined thread
[1.520s] INFO:colcon.colcon_core.plugin_system:Skipping extension 'colcon_core.shell.bat': Not used on non-Windows systems
[1.521s] INFO:colcon.colcon_core.shell:Creating prefix script '/home/pi/new_ros2/install/local_setup.ps1'
[1.525s] INFO:colcon.colcon_core.shell:Creating prefix util module '/home/pi/new_ros2/install/_local_setup_util_ps1.py'
[1.531s] INFO:colcon.colcon_core.shell:Creating prefix chain script '/home/pi/new_ros2/install/setup.ps1'
[1.535s] INFO:colcon.colcon_core.shell:Creating prefix script '/home/pi/new_ros2/install/local_setup.sh'
[1.537s] INFO:colcon.colcon_core.shell:Creating prefix util module '/home/pi/new_ros2/install/_local_setup_util_sh.py'
[1.539s] INFO:colcon.colcon_core.shell:Creating prefix chain script '/home/pi/new_ros2/install/setup.sh'
[1.543s] INFO:colcon.colcon_core.shell:Creating prefix script '/home/pi/new_ros2/install/local_setup.bash'
[1.545s] INFO:colcon.colcon_core.shell:Creating prefix chain script '/home/pi/new_ros2/install/setup.bash'
[1.549s] INFO:colcon.colcon_core.shell:Creating prefix script '/home/pi/new_ros2/install/local_setup.zsh'
[1.551s] INFO:colcon.colcon_core.shell:Creating prefix chain script '/home/pi/new_ros2/install/setup.zsh'
